'images/' no such file or directory
srcs/pipex.h: OK!
srcs/files_management.c: OK!
srcs/main.c: Error!
Error: LINE_TOO_LONG        (line:  20, col:  84):	line too long
Error: TOO_MANY_LINES       (line:  65, col:   1):	Function has more than 25 lines
Error: EMPTY_LINE_FUNCTION  (line:  81, col:   1):	Empty line in function
Error: SPACE_EMPTY_LINE     (line:  81, col:   1):	Space on empty line
srcs/utils.c: Error!
Error: TOO_MANY_LINES       (line:  54, col:   1):	Function has more than 25 lines
srcs/my_prints.c: OK!
libft/ft_toupper.c: OK!
libft/ft_putnbr_fd.c: OK!
libft/ft_isalpha.c: OK!
libft/ft_lstmap.c: OK!
libft/ft_isdigit.c: OK!
libft/ft_putstr_fd.c: OK!
libft/ft_tolower.c: OK!
libft/ft_lstclear.c: OK!
libft/ft_strstrlen.c: OK!
libft/ft_lstdelone.c: OK!
libft/ft_memcpy.c: OK!
libft/ft_split.c: OK!
libft/ft_isascii.c: OK!
libft/ft_memset.c: OK!
libft/ft_atoi.c: OK!
libft/ft_fdprintf_utils.c: OK!
libft/ft_substr.c: OK!
libft/ft_printf_utils.c: OK!
libft/get_next_line_utils_bonus.c: OK!
libft/ft_lstnew.c: OK!
libft/ft_memmove.c: OK!
libft/ft_lstadd_back.c: OK!
libft/ft_strdup.c: OK!
libft/ft_isprint.c: OK!
libft/ft_putendl_fd.c: OK!
libft/ft_isalnum.c: OK!
libft/ft_printf.c: OK!
libft/ft_strchr.c: OK!
libft/ft_strncmp.c: OK!
libft/ft_lstiter.c: OK!
libft/ft_striteri.c: OK!
libft/ft_memchr.c: OK!
libft/ft_fdprintf.c: OK!
libft/ft_strtrim.c: OK!
libft/ft_strlcat.c: OK!
libft/ft_itoa.c: OK!
libft/ft_calloc.c: OK!
libft/ft_lstlast.c: OK!
libft/ft_strnstr.c: OK!
libft/ft_strrchr.c: OK!
libft/get_next_line_bonus.c: OK!
libft/libft.h: OK!
libft/ft_lstadd_front.c: OK!
libft/ft_printf_utils2.c: OK!
libft/ft_strjoin.c: OK!
libft/ft_bzero.c: OK!
libft/ft_lstsize.c: OK!
libft/ft_strmapi.c: OK!
libft/ft_memcmp.c: OK!
libft/ft_strlen.c: OK!
libft/ft_strlcpy.c: OK!
libft/ft_putchar_fd.c: OK!
